{"name": "Caso 6.1: Navegar a Ofertas y Destinos", "status": "failed", "statusDetails": {"message": "AssertionError: ‚ùå Fall√≥ la navegaci√≥n a Ofertas y destinos\nassert False", "trace": "self = <test_case_6.TestCase6 object at 0x0000020D852B7110>\nsetup = {'base_url': 'https://nuxqa4.avtest.ink/', 'browser': <selenium.webdriver.chrome.webdriver.WebDriver (session=\"a3609d0...tabaseManager object at 0x0000020D939C5160>, 'home_page': <pages.home_page.HomePage object at 0x0000020D93663770>, ...}\n\n    @allure.title(\"Caso 6.1: Navegar a Ofertas y Destinos\")\n    @allure.description(\"Verificar que la navegaci√≥n a 'Ofertas y destinos' funciona correctamente en ambas URLs\")\n    @allure.severity(allure.severity_level.CRITICAL)\n    def test_navigate_to_offers_and_destinations(self, setup):\n        \"\"\"Test 6.1: Navegar a la secci√≥n Ofertas y destinos -> ofertas de vuelos\"\"\"\n        browser = setup['browser']\n        home_page = setup['home_page']\n        db = setup['db']\n        base_url = setup['base_url']\n    \n        logger.info(f\"üöÄ Iniciando Test 6.1: Navegaci√≥n a Ofertas y destinos - {base_url}\")\n    \n        try:\n            with allure.step(f\"Paso 1: Obtener URL inicial - {base_url}\"):\n                initial_url = home_page.get_page_url()\n                logger.info(f\"üìÑ URL inicial: {initial_url}\")\n                allure.attach(initial_url, name=\"URL Inicial\", attachment_type=allure.attachment_type.TEXT)\n    \n            with allure.step(\"Paso 2: Navegar a Ofertas y destinos (M√©todo Optimizado)\"):\n                start_time = time.time()\n                navigation_success = home_page.navigate_to_offers_and_destinations_optimized()\n                end_time = time.time()\n                execution_time = end_time - start_time\n    \n>               assert navigation_success, \"‚ùå Fall√≥ la navegaci√≥n a Ofertas y destinos\"\nE               AssertionError: ‚ùå Fall√≥ la navegaci√≥n a Ofertas y destinos\nE               assert False\n\ntests\\test_case_6.py:100: AssertionError"}, "description": "Verificar que la navegaci√≥n a 'Ofertas y destinos' funciona correctamente en ambas URLs", "steps": [{"name": "Paso 1: Obtener URL inicial - https://nuxqa4.avtest.ink/", "status": "passed", "attachments": [{"name": "URL Inicial", "source": "5299207c-548a-464b-a346-9cbb7a94241e-attachment.txt", "type": "text/plain"}], "start": 1761934381164, "stop": 1761934381176}, {"name": "Paso 2: Navegar a Ofertas y destinos (M√©todo Optimizado)", "status": "failed", "statusDetails": {"message": "AssertionError: ‚ùå Fall√≥ la navegaci√≥n a Ofertas y destinos\nassert False\n", "trace": "  File \"C:\\Users\\DavidGalvezRestrepo\\DATOS\\DAVID\\EXAMEN\\project\\tests\\test_case_6.py\", line 100, in test_navigate_to_offers_and_destinations\n    assert navigation_success, \"‚ùå Fall√≥ la navegaci√≥n a Ofertas y destinos\"\n"}, "start": 1761934381176, "stop": 1761934418149}], "attachments": [{"name": "Screenshot Error - https://nuxqa4.avtest.ink/", "source": "f16046fd-5a68-4dd3-b585-bfc4100ddb1b-attachment.png", "type": "image/png"}, {"name": "log", "source": "b14e51b6-10f2-4419-92ad-2f0de5b75026-attachment.txt", "type": "text/plain"}, {"name": "stdout", "source": "fe4b36c8-bc89-4025-95bc-d4d1e6506131-attachment.txt", "type": "text/plain"}], "parameters": [{"name": "browser", "value": "'chrome'"}, {"name": "setup", "value": "'https://nuxqa4.avtest.ink/'"}], "start": 1761934381164, "stop": 1761934418300, "uuid": "96e6c950-3fca-4d6d-9dc4-219aa485508e", "historyId": "ab51c02b48c8078d370aefedefb09134", "testCaseId": "5365413753da872731076f2be3c22ee7", "fullName": "tests.test_case_6.TestCase6#test_navigate_to_offers_and_destinations", "labels": [{"name": "severity", "value": "critical"}, {"name": "feature", "value": "Caso 6: Redirecciones Header"}, {"name": "story", "value": "Verificar navegaci√≥n a 3 sitios diferentes del navbar"}, {"name": "parentSuite", "value": "tests"}, {"name": "suite", "value": "test_case_6"}, {"name": "subSuite", "value": "TestCase6"}, {"name": "host", "value": "DESKTOP-EOEE1L3"}, {"name": "thread", "value": "4360-MainThread"}, {"name": "framework", "value": "pytest"}, {"name": "language", "value": "cpython3"}, {"name": "package", "value": "tests.test_case_6"}]}