{"name": "Caso 6.3: Navegar a Informaci√≥n y Ayuda - Tipos de Tarifas", "status": "failed", "statusDetails": {"message": "AssertionError: ‚ùå Fall√≥ la navegaci√≥n a Informaci√≥n y ayuda\nassert False", "trace": "self = <test_case_6.TestCase6 object at 0x000001D976F59850>\nsetup = {'base_url': 'https://nuxqa4.avtest.ink/', 'browser': <selenium.webdriver.chrome.webdriver.WebDriver (session=\"231d50e...tabaseManager object at 0x000001D977250850>, 'home_page': <pages.home_page.HomePage object at 0x000001D977250050>, ...}\n\n    @allure.title(\"Caso 6.3: Navegar a Informaci√≥n y Ayuda - Tipos de Tarifas\")\n    @allure.description(\"Verificar que la navegaci√≥n a 'Informaci√≥n y ayuda' -> Tipos de tarifas funciona correctamente en ambas URLs\")\n    @allure.severity(allure.severity_level.CRITICAL)\n    def test_navigate_to_info_and_help_tariffs(self, setup):\n        \"\"\"Test 6.3: Navegar a la secci√≥n Informaci√≥n y ayuda -> Tipos de tarifas\"\"\"\n        browser = setup['browser']\n        home_page = setup['home_page']\n        db = setup['db']\n        base_url = setup['base_url']\n    \n        logger.info(f\"üöÄ Iniciando Test 6.3: Navegaci√≥n a Informaci√≥n y ayuda - Tipos de tarifas - {base_url}\")\n    \n        try:\n            with allure.step(f\"Paso 1: Obtener URL inicial - {base_url}\"):\n                initial_url = home_page.get_page_url()\n                logger.info(f\"üìÑ URL inicial: {initial_url}\")\n    \n            with allure.step(\"Paso 2: Navegar a Informaci√≥n y ayuda\"):\n                navigation_success = home_page.navigate_to_info_and_help_tariffs()\n>               assert navigation_success, \"‚ùå Fall√≥ la navegaci√≥n a Informaci√≥n y ayuda\"\nE               AssertionError: ‚ùå Fall√≥ la navegaci√≥n a Informaci√≥n y ayuda\nE               assert False\n\ntests\\test_case_6.py:287: AssertionError"}, "description": "Verificar que la navegaci√≥n a 'Informaci√≥n y ayuda' -> Tipos de tarifas funciona correctamente en ambas URLs", "steps": [{"name": "Paso 1: Obtener URL inicial - https://nuxqa4.avtest.ink/", "status": "passed", "start": 1761915865365, "stop": 1761915865372}, {"name": "Paso 2: Navegar a Informaci√≥n y ayuda", "status": "failed", "statusDetails": {"message": "AssertionError: ‚ùå Fall√≥ la navegaci√≥n a Informaci√≥n y ayuda\nassert False\n", "trace": "  File \"C:\\Users\\DavidGalvezRestrepo\\DATOS\\DAVID\\EXAMEN\\project\\tests\\test_case_6.py\", line 287, in test_navigate_to_info_and_help_tariffs\n    assert navigation_success, \"‚ùå Fall√≥ la navegaci√≥n a Informaci√≥n y ayuda\"\n"}, "start": 1761915865372, "stop": 1761915888012}], "attachments": [{"name": "Screenshot Error - https://nuxqa4.avtest.ink/", "source": "12fa0d86-6ed7-4b32-9e9c-1be2b365a954-attachment.png", "type": "image/png"}, {"name": "log", "source": "b7342848-18f6-4dae-b36c-9dde00778d83-attachment.txt", "type": "text/plain"}, {"name": "stdout", "source": "4b13d332-750e-45d2-8cae-81e7de8214fb-attachment.txt", "type": "text/plain"}], "parameters": [{"name": "browser", "value": "'chrome'"}, {"name": "setup", "value": "'https://nuxqa4.avtest.ink/'"}], "start": 1761915865365, "stop": 1761915888183, "uuid": "212501b0-be2c-4ab2-b99c-61e9ec07c8ac", "historyId": "c00b4b00799b08ff7e13e1100e62050a", "testCaseId": "9d2f9050d9e882f73b5c69ec4c3ab710", "fullName": "tests.test_case_6.TestCase6#test_navigate_to_info_and_help_tariffs", "labels": [{"name": "feature", "value": "Caso 6: Redirecciones Header"}, {"name": "story", "value": "Verificar navegaci√≥n a 3 sitios diferentes del navbar"}, {"name": "severity", "value": "critical"}, {"name": "parentSuite", "value": "tests"}, {"name": "suite", "value": "test_case_6"}, {"name": "subSuite", "value": "TestCase6"}, {"name": "host", "value": "DESKTOP-EOEE1L3"}, {"name": "thread", "value": "13444-MainThread"}, {"name": "framework", "value": "pytest"}, {"name": "language", "value": "cpython3"}, {"name": "package", "value": "tests.test_case_6"}]}