{"name": "Caso 6.3: Navegar a Informaci√≥n y Ayuda - Tipos de Tarifas", "status": "failed", "statusDetails": {"message": "AssertionError: ‚ùå Fall√≥ la navegaci√≥n a Informaci√≥n y ayuda\nassert False", "trace": "self = <test_case_6.TestCase6 object at 0x000001A9D9F89950>\nsetup = {'base_url': 'https://nuxqa4.avtest.ink/', 'browser': <selenium.webdriver.chrome.webdriver.WebDriver (session=\"ce308fb...tabaseManager object at 0x000001A9DA2A5250>, 'home_page': <pages.home_page.HomePage object at 0x000001A9DA2A5050>, ...}\n\n    @allure.title(\"Caso 6.3: Navegar a Informaci√≥n y Ayuda - Tipos de Tarifas\")\n    @allure.description(\"Verificar que la navegaci√≥n a 'Informaci√≥n y ayuda' -> Tipos de tarifas funciona correctamente en ambas URLs\")\n    @allure.severity(allure.severity_level.CRITICAL)\n    def test_navigate_to_info_and_help_tariffs(self, setup):\n        \"\"\"Test 6.3: Navegar a la secci√≥n Informaci√≥n y ayuda -> Tipos de tarifas\"\"\"\n        browser = setup['browser']\n        home_page = setup['home_page']\n        db = setup['db']\n        base_url = setup['base_url']\n    \n        logger.info(f\"üöÄ Iniciando Test 6.3: Navegaci√≥n a Informaci√≥n y ayuda - Tipos de tarifas - {base_url}\")\n    \n        try:\n            with allure.step(f\"Paso 1: Obtener URL inicial - {base_url}\"):\n                initial_url = home_page.get_page_url()\n                logger.info(f\"üìÑ URL inicial: {initial_url}\")\n    \n            with allure.step(\"Paso 2: Navegar a Informaci√≥n y ayuda\"):\n                navigation_success = home_page.navigate_to_info_and_help_tariffs()\n>               assert navigation_success, \"‚ùå Fall√≥ la navegaci√≥n a Informaci√≥n y ayuda\"\nE               AssertionError: ‚ùå Fall√≥ la navegaci√≥n a Informaci√≥n y ayuda\nE               assert False\n\ntests\\test_case_6.py:287: AssertionError"}, "description": "Verificar que la navegaci√≥n a 'Informaci√≥n y ayuda' -> Tipos de tarifas funciona correctamente en ambas URLs", "steps": [{"name": "Paso 1: Obtener URL inicial - https://nuxqa4.avtest.ink/", "status": "passed", "start": 1761916925464, "stop": 1761916925470}, {"name": "Paso 2: Navegar a Informaci√≥n y ayuda", "status": "failed", "statusDetails": {"message": "AssertionError: ‚ùå Fall√≥ la navegaci√≥n a Informaci√≥n y ayuda\nassert False\n", "trace": "  File \"C:\\Users\\DavidGalvezRestrepo\\DATOS\\DAVID\\EXAMEN\\project\\tests\\test_case_6.py\", line 287, in test_navigate_to_info_and_help_tariffs\n    assert navigation_success, \"‚ùå Fall√≥ la navegaci√≥n a Informaci√≥n y ayuda\"\n"}, "start": 1761916925470, "stop": 1761916956855}], "attachments": [{"name": "Screenshot Error - https://nuxqa4.avtest.ink/", "source": "3d3c2469-c476-4e71-9a4a-0ece337f8426-attachment.png", "type": "image/png"}, {"name": "log", "source": "24717916-2e5c-4ca4-83c9-866012065f6f-attachment.txt", "type": "text/plain"}, {"name": "stdout", "source": "f08ff60a-126b-4f35-9202-e5e425fa39cd-attachment.txt", "type": "text/plain"}], "parameters": [{"name": "browser", "value": "'chrome'"}, {"name": "setup", "value": "'https://nuxqa4.avtest.ink/'"}], "start": 1761916925463, "stop": 1761916957026, "uuid": "5a105409-29ee-4aa8-be9c-85ccde289192", "historyId": "c00b4b00799b08ff7e13e1100e62050a", "testCaseId": "9d2f9050d9e882f73b5c69ec4c3ab710", "fullName": "tests.test_case_6.TestCase6#test_navigate_to_info_and_help_tariffs", "labels": [{"name": "severity", "value": "critical"}, {"name": "story", "value": "Verificar navegaci√≥n a 3 sitios diferentes del navbar"}, {"name": "feature", "value": "Caso 6: Redirecciones Header"}, {"name": "parentSuite", "value": "tests"}, {"name": "suite", "value": "test_case_6"}, {"name": "subSuite", "value": "TestCase6"}, {"name": "host", "value": "DESKTOP-EOEE1L3"}, {"name": "thread", "value": "26332-MainThread"}, {"name": "framework", "value": "pytest"}, {"name": "language", "value": "cpython3"}, {"name": "package", "value": "tests.test_case_6"}]}