{"name": "test_login_successful", "status": "failed", "statusDetails": {"message": "AssertionError: ❌ No se pudo ingresar el usuario\nassert False", "trace": "self = <test_case_3.TestCase3 object at 0x000001D40B2F6E90>, driver = <selenium.webdriver.chrome.webdriver.WebDriver (session=\"188f71848c1ed940aaad441c320b7d96\")>\n\n    @allure.story(\"Login exitoso con credenciales válidas\")\n    @allure.description(\"Realizar login con usuario 21734198706 y password Lifemiles1\")\n    def test_login_successful(self, driver):\n        \"\"\"Caso 3: Realizar Login en UATI nuxqa.avtest.ink/\"\"\"\n    \n        login_page = LoginPage(driver)\n    \n        with allure.step(\"1. Navegar a la página principal\"):\n            target_url = \"https://nuxqa3.avtest.ink/es/\"\n            driver.get(target_url)\n            time.sleep(3)\n            print(\"✅ Página principal cargada\")\n    \n        with allure.step(\"2. Tomar captura de la página principal\"):\n            allure.attach(\n                driver.get_screenshot_as_png(),\n                name=\"pagina_principal_caso3\",\n                attachment_type=allure.attachment_type.PNG\n            )\n    \n        with allure.step(\"3. Hacer clic en el botón 'Iniciar sesión'\"):\n            success = login_page.click_login_button()\n            assert success, \"❌ No se pudo hacer clic en el botón de login\"\n            print(\"✅ Botón 'Iniciar sesión' clickeado\")\n    \n        with allure.step(\"4. Tomar captura del modal abierto\"):\n            time.sleep(2)\n            allure.attach(\n                driver.get_screenshot_as_png(),\n                name=\"modal_login_abierto_caso3\",\n                attachment_type=allure.attachment_type.PNG\n            )\n            print(\"✅ Modal de login abierto\")\n    \n        with allure.step(\"5. Ingresar usuario: 21734198706\"):\n            username_success = login_page.enter_username(\"21734198706\")\n>           assert username_success, \"❌ No se pudo ingresar el usuario\"\nE           AssertionError: ❌ No se pudo ingresar el usuario\nE           assert False\n\ntests\\test_case_3.py:46: AssertionError"}, "description": "Realizar login con usuario 21734198706 y password Lifemiles1", "steps": [{"name": "1. Navegar a la página principal", "status": "passed", "start": 1762787619074, "stop": 1762787624878}, {"name": "2. Tomar captura de la página principal", "status": "passed", "attachments": [{"name": "pagina_principal_caso3", "source": "35774b3f-ec53-4b48-b338-090427aa653f-attachment.png", "type": "image/png"}], "start": 1762787624878, "stop": 1762787625093}, {"name": "3. Hacer clic en el botón 'Iniciar sesión'", "status": "passed", "steps": [{"name": "Hacer clic en botón 'Iniciar sesión'", "status": "passed", "start": 1762787625093, "stop": 1762787630326}], "start": 1762787625093, "stop": 1762787630326}, {"name": "4. Tomar captura del modal abierto", "status": "passed", "attachments": [{"name": "modal_login_abierto_caso3", "source": "cea7297f-f4c0-4b61-9046-b1b168d35d4e-attachment.png", "type": "image/png"}], "start": 1762787630326, "stop": 1762787632705}, {"name": "5. Ingresar usuario: 21734198706", "status": "failed", "statusDetails": {"message": "AssertionError: ❌ No se pudo ingresar el usuario\nassert False\n", "trace": "  File \"C:\\Users\\DavidGalvezRestrepo\\DATOS\\DAVID\\EXAMEN\\project\\tests\\test_case_3.py\", line 46, in test_login_successful\n    assert username_success, \"❌ No se pudo ingresar el usuario\"\n"}, "steps": [{"name": "Ingresar usuario: '21734198706'", "status": "passed", "parameters": [{"name": "username", "value": "'21734198706'"}], "start": 1762787632706, "stop": 1762787643249}], "start": 1762787632705, "stop": 1762787643249}], "attachments": [{"name": "Screenshot_test_login_successful", "source": "70122384-fb7b-4e05-b8ae-eb0a82262874-attachment.png", "type": "image/png"}, {"name": "log", "source": "9e3bb16c-e66c-42e7-801f-202de14041e0-attachment.txt", "type": "text/plain"}, {"name": "stdout", "source": "feeff718-22fb-47f0-9eff-605622f18696-attachment.txt", "type": "text/plain"}], "start": 1762787619073, "stop": 1762787643255, "uuid": "ae1fbcc6-bdb2-4dab-b632-a7c768a481c8", "historyId": "9ece7f4a0b64175a7a9d3fd76d268e7a", "testCaseId": "9ece7f4a0b64175a7a9d3fd76d268e7a", "fullName": "tests.test_case_3.TestCase3#test_login_successful", "labels": [{"name": "severity", "value": "critical"}, {"name": "feature", "value": "Caso 3 - Login en UATI"}, {"name": "story", "value": "Login exitoso con credenciales válidas"}, {"name": "parentSuite", "value": "tests"}, {"name": "suite", "value": "test_case_3"}, {"name": "subSuite", "value": "TestCase3"}, {"name": "host", "value": "DESKTOP-EOEE1L3"}, {"name": "thread", "value": "24976-MainThread"}, {"name": "framework", "value": "pytest"}, {"name": "language", "value": "cpython3"}, {"name": "package", "value": "tests.test_case_3"}]}