{"name": "Caso 6: Navegación a Ofertas de Vuelos desde Navbar", "status": "broken", "statusDetails": {"message": "selenium.common.exceptions.TimeoutException: Message:", "trace": "self = <test_case_6.TestCase6 object at 0x0000019AFB86F610>\nsetup = {'base_url': 'https://nuxqa4.avtest.ink/', 'browser': <selenium.webdriver.chrome.webdriver.WebDriver (session=\"4ef066c...tabaseManager object at 0x0000019AFBBED2B0>, 'home_page': <pages.home_page.HomePage object at 0x0000019AFB8278C0>, ...}\n\n    @allure.title(\"Caso 6: Navegación a Ofertas de Vuelos desde Navbar\")\n    @allure.severity(allure.severity_level.CRITICAL)\n    def test_navigate_to_flight_offers(self, setup):\n        \"\"\"Navegar desde el navbar a Ofertas y destinos -> Ofertas de vuelos\"\"\"\n        browser = setup['browser']\n        home_page = setup['home_page']\n        video_recorder = setup['video_recorder']\n        db = setup['db']\n        base_url = setup['base_url']\n    \n        logger.info(\"Ejecutando test: Navegación a Ofertas de vuelos\")\n    \n        try:\n            # Paso 1: Verificar que estamos en español\n            with allure.step(\"Verificar idioma español\"):\n                current_url = home_page.get_page_url()\n                assert current_url.endswith('/es/'), f\"La URL no termina en español: {current_url}\"\n                logger.info(f\"✅ URL en español confirmada: {current_url}\")\n                allure.attach(current_url, name=\"URL en Español\", attachment_type=allure.attachment_type.TEXT)\n    \n            # Capturar frame inicial\n            try:\n                video_recorder.capture_frame(browser)\n            except Exception as e:\n                logger.debug(f\"No se pudo capturar frame inicial: {e}\")\n    \n            # Paso 2: Navegar al navbar \"Ofertas y destinos\"\n            with allure.step(\"Abrir menú Ofertas y destinos\"):\n                start_time = time.time()\n    \n                # Localizar y hacer hover/click en \"Ofertas y destinos\"\n>               offers_menu = WebDriverWait(browser, 10).until(\n                    EC.element_to_be_clickable((By.XPATH, \"//a[contains(text(), 'Ofertas y destinos') or contains(@href, 'ofertas-destinos')]\"))\n                )\n\ntests\\test_case_6.py:102: \n_ _ _ _ _ _ _ _ _ _ _ _ _ _ _ _ _ _ _ _ _ _ _ _ _ _ _ _ _ _ _ _ _ _ _ _ _ _ _ _ _ _ _ _ _ _ _ _ _ _ _ _ _ _ _ _ _ _ _ _ _ _ _ _ _ _ _ _ _ _ _ _ _ _ _ _ _ _ _ _ _ _ _ _ _ _ _ _ _\n\nself = <selenium.webdriver.support.wait.WebDriverWait (session=\"4ef066c39c73099fdf89800cefb619ec\")>\nmethod = <function element_to_be_clickable.<locals>._predicate at 0x0000019AFBBF9300>, message = ''\n\n    def until(self, method: Callable[[WebDriver], Union[Literal[False], T]], message: str = \"\") -> T:\n        \"\"\"Calls the method provided with the driver as an argument until the \\\n        return value does not evaluate to ``False``.\n    \n        :param method: callable(WebDriver)\n        :param message: optional message for :exc:`TimeoutException`\n        :returns: the result of the last call to `method`\n        :raises: :exc:`selenium.common.exceptions.TimeoutException` if timeout occurs\n        \"\"\"\n        screen = None\n        stacktrace = None\n    \n        end_time = time.monotonic() + self._timeout\n        while True:\n            try:\n                value = method(self._driver)\n                if value:\n                    return value\n            except self._ignored_exceptions as exc:\n                screen = getattr(exc, \"screen\", None)\n                stacktrace = getattr(exc, \"stacktrace\", None)\n            time.sleep(self._poll)\n            if time.monotonic() > end_time:\n                break\n>       raise TimeoutException(message, screen, stacktrace)\nE       selenium.common.exceptions.TimeoutException: Message:\n\nvenv\\Lib\\site-packages\\selenium\\webdriver\\support\\wait.py:101: TimeoutException"}, "description": "Navegar desde el navbar a Ofertas y destinos -> Ofertas de vuelos", "steps": [{"name": "Verificar idioma español", "status": "passed", "attachments": [{"name": "URL en Español", "source": "857aade5-dcd4-4fd1-a24a-20d38e9e419f-attachment.txt", "type": "text/plain"}], "start": 1762261839043, "stop": 1762261839120}, {"name": "Abrir menú Ofertas y destinos", "status": "broken", "statusDetails": {"message": "selenium.common.exceptions.TimeoutException: Message: \n\n", "trace": "  File \"C:\\Users\\DavidGalvezRestrepo\\DATOS\\DAVID\\EXAMEN\\project\\tests\\test_case_6.py\", line 102, in test_navigate_to_flight_offers\n    offers_menu = WebDriverWait(browser, 10).until(\n        EC.element_to_be_clickable((By.XPATH, \"//a[contains(text(), 'Ofertas y destinos') or contains(@href, 'ofertas-destinos')]\"))\n    )\n  File \"C:\\Users\\DavidGalvezRestrepo\\DATOS\\DAVID\\EXAMEN\\project\\venv\\Lib\\site-packages\\selenium\\webdriver\\support\\wait.py\", line 101, in until\n    raise TimeoutException(message, screen, stacktrace)\n"}, "start": 1762261839422, "stop": 1762261849437}], "attachments": [{"name": "Screenshot Error - chrome", "source": "6cc0a604-ca8a-49d9-aa88-18abd0004e76-attachment.png", "type": "image/png"}, {"name": "log", "source": "d34c63fc-1597-4e15-83ab-884c62c30d14-attachment.txt", "type": "text/plain"}, {"name": "stdout", "source": "08888d7f-ef0f-446c-85cf-a9cbeb14a779-attachment.txt", "type": "text/plain"}], "parameters": [{"name": "browser", "value": "'chrome'"}], "start": 1762261839043, "stop": 1762261849665, "uuid": "94657e8b-b1ee-4b33-a9d2-2847e28900c4", "historyId": "d049029059244829e2809711430ff35b", "testCaseId": "3fdead4b71e6baf6a94419b2b00c5c47", "fullName": "tests.test_case_6.TestCase6#test_navigate_to_flight_offers", "labels": [{"name": "feature", "value": "Caso 6: Navegación a Ofertas de Vuelos"}, {"name": "severity", "value": "critical"}, {"name": "parentSuite", "value": "tests"}, {"name": "suite", "value": "test_case_6"}, {"name": "subSuite", "value": "TestCase6"}, {"name": "host", "value": "DESKTOP-EOEE1L3"}, {"name": "thread", "value": "15804-MainThread"}, {"name": "framework", "value": "pytest"}, {"name": "language", "value": "cpython3"}, {"name": "package", "value": "tests.test_case_6"}]}