{"name": "Caso 6.3: Navegar a Informaci√≥n y Ayuda - Tipos de Tarifas", "status": "failed", "statusDetails": {"message": "AssertionError: ‚ùå Fall√≥ la navegaci√≥n a Informaci√≥n y ayuda\nassert False", "trace": "self = <test_case_6.TestCase6 object at 0x000001A9D9F3E120>\nsetup = {'base_url': 'https://nuxqa5.avtest.ink/', 'browser': <selenium.webdriver.chrome.webdriver.WebDriver (session=\"9896672...tabaseManager object at 0x000001A9DA2A6350>, 'home_page': <pages.home_page.HomePage object at 0x000001A9DA2A6150>, ...}\n\n    @allure.title(\"Caso 6.3: Navegar a Informaci√≥n y Ayuda - Tipos de Tarifas\")\n    @allure.description(\"Verificar que la navegaci√≥n a 'Informaci√≥n y ayuda' -> Tipos de tarifas funciona correctamente en ambas URLs\")\n    @allure.severity(allure.severity_level.CRITICAL)\n    def test_navigate_to_info_and_help_tariffs(self, setup):\n        \"\"\"Test 6.3: Navegar a la secci√≥n Informaci√≥n y ayuda -> Tipos de tarifas\"\"\"\n        browser = setup['browser']\n        home_page = setup['home_page']\n        db = setup['db']\n        base_url = setup['base_url']\n    \n        logger.info(f\"üöÄ Iniciando Test 6.3: Navegaci√≥n a Informaci√≥n y ayuda - Tipos de tarifas - {base_url}\")\n    \n        try:\n            with allure.step(f\"Paso 1: Obtener URL inicial - {base_url}\"):\n                initial_url = home_page.get_page_url()\n                logger.info(f\"üìÑ URL inicial: {initial_url}\")\n    \n            with allure.step(\"Paso 2: Navegar a Informaci√≥n y ayuda\"):\n                navigation_success = home_page.navigate_to_info_and_help_tariffs()\n>               assert navigation_success, \"‚ùå Fall√≥ la navegaci√≥n a Informaci√≥n y ayuda\"\nE               AssertionError: ‚ùå Fall√≥ la navegaci√≥n a Informaci√≥n y ayuda\nE               assert False\n\ntests\\test_case_6.py:287: AssertionError"}, "description": "Verificar que la navegaci√≥n a 'Informaci√≥n y ayuda' -> Tipos de tarifas funciona correctamente en ambas URLs", "steps": [{"name": "Paso 1: Obtener URL inicial - https://nuxqa5.avtest.ink/", "status": "passed", "start": 1761916962186, "stop": 1761916962194}, {"name": "Paso 2: Navegar a Informaci√≥n y ayuda", "status": "failed", "statusDetails": {"message": "AssertionError: ‚ùå Fall√≥ la navegaci√≥n a Informaci√≥n y ayuda\nassert False\n", "trace": "  File \"C:\\Users\\DavidGalvezRestrepo\\DATOS\\DAVID\\EXAMEN\\project\\tests\\test_case_6.py\", line 287, in test_navigate_to_info_and_help_tariffs\n    assert navigation_success, \"‚ùå Fall√≥ la navegaci√≥n a Informaci√≥n y ayuda\"\n"}, "start": 1761916962194, "stop": 1761916993641}], "attachments": [{"name": "Screenshot Error - https://nuxqa5.avtest.ink/", "source": "3dd60931-c504-4c3a-9645-c44df2563145-attachment.png", "type": "image/png"}, {"name": "log", "source": "c4ae50d6-e774-437e-9a57-6f41fc187d38-attachment.txt", "type": "text/plain"}, {"name": "stdout", "source": "a74c2a58-a6de-4dd8-91ff-0200eacf030f-attachment.txt", "type": "text/plain"}], "parameters": [{"name": "browser", "value": "'chrome'"}, {"name": "setup", "value": "'https://nuxqa5.avtest.ink/'"}], "start": 1761916962186, "stop": 1761916993808, "uuid": "c242fdd0-8aa9-4174-a112-086f434d3ab2", "historyId": "88e492e206062c7d84dc4b246e4aa42b", "testCaseId": "9d2f9050d9e882f73b5c69ec4c3ab710", "fullName": "tests.test_case_6.TestCase6#test_navigate_to_info_and_help_tariffs", "labels": [{"name": "severity", "value": "critical"}, {"name": "story", "value": "Verificar navegaci√≥n a 3 sitios diferentes del navbar"}, {"name": "feature", "value": "Caso 6: Redirecciones Header"}, {"name": "parentSuite", "value": "tests"}, {"name": "suite", "value": "test_case_6"}, {"name": "subSuite", "value": "TestCase6"}, {"name": "host", "value": "DESKTOP-EOEE1L3"}, {"name": "thread", "value": "26332-MainThread"}, {"name": "framework", "value": "pytest"}, {"name": "language", "value": "cpython3"}, {"name": "package", "value": "tests.test_case_6"}]}