{"name": "Caso 6.2: Navegar a Tu Reserva Check-in", "status": "broken", "statusDetails": {"message": "selenium.common.exceptions.TimeoutException: Message:", "trace": "self = <test_case_6.TestCase6 object at 0x000001887EF6EE70>\nsetup = {'base_url': 'https://nuxqa4.avtest.ink/', 'browser': <selenium.webdriver.chrome.webdriver.WebDriver (session=\"1a7456b...tabaseManager object at 0x000001887F29CD60>, 'home_page': <pages.home_page.HomePage object at 0x000001887EFBBE10>, ...}\n\n    @allure.title(\"Caso 6.2: Navegar a Tu Reserva Check-in\")\n    @allure.description(\"Verificar que la navegaci√≥n a 'Tu reserva check-in' funciona correctamente en ambas URLs\")\n    @allure.severity(allure.severity_level.CRITICAL)\n    def test_navigate_to_my_booking_checkin(self, setup):\n        \"\"\"Test 6.2: Navegar a la secci√≥n Tu reserva check-in -> Gestiona tu reserva\"\"\"\n        browser = setup['browser']\n        home_page = setup['home_page']\n        db = setup['db']\n        base_url = setup['base_url']\n    \n        logger.info(f\"üöÄ Iniciando Test 6.2: Navegaci√≥n a Tu reserva check-in - {base_url}\")\n    \n        try:\n            with allure.step(f\"Paso 1: Obtener URL inicial - {base_url}\"):\n                initial_url = home_page.get_page_url()\n                logger.info(f\"üìÑ URL inicial: {initial_url}\")\n    \n            with allure.step(\"Paso 2: Navegar a Tu reserva check-in\"):\n                navigation_success = home_page.navigate_to_my_booking_checkin()\n                assert navigation_success, \"‚ùå Fall√≥ la navegaci√≥n a Tu reserva check-in\"\n    \n                # Esperar a que cambie la URL\n>               WebDriverWait(browser, 10).until(\n                    lambda driver: driver.current_url != initial_url\n                )\n\ntests\\test_case_6.py:187: \n_ _ _ _ _ _ _ _ _ _ _ _ _ _ _ _ _ _ _ _ _ _ _ _ _ _ _ _ _ _ _ _ _ _ _ _ _ _ _ _ _ _ _ _ _ _ _ _ _ _ _ _ _ _ _ _ _ _ _ _ _ _ _ _ _ _ _ _ _ _ _ _ _ _ _ _ _ _ _ _ _ _ _ _ _ _ _ _ _\n\nself = <selenium.webdriver.support.wait.WebDriverWait (session=\"1a7456b1cb6b3e5d67bb06791618166d\")>\nmethod = <function TestCase6.test_navigate_to_my_booking_checkin.<locals>.<lambda> at 0x000001887F2E42C0>, message = ''\n\n    def until(self, method: Callable[[WebDriver], Union[Literal[False], T]], message: str = \"\") -> T:\n        \"\"\"Calls the method provided with the driver as an argument until the \\\n        return value does not evaluate to ``False``.\n    \n        :param method: callable(WebDriver)\n        :param message: optional message for :exc:`TimeoutException`\n        :returns: the result of the last call to `method`\n        :raises: :exc:`selenium.common.exceptions.TimeoutException` if timeout occurs\n        \"\"\"\n        screen = None\n        stacktrace = None\n    \n        end_time = time.monotonic() + self._timeout\n        while True:\n            try:\n                value = method(self._driver)\n                if value:\n                    return value\n            except self._ignored_exceptions as exc:\n                screen = getattr(exc, \"screen\", None)\n                stacktrace = getattr(exc, \"stacktrace\", None)\n            time.sleep(self._poll)\n            if time.monotonic() > end_time:\n                break\n>       raise TimeoutException(message, screen, stacktrace)\nE       selenium.common.exceptions.TimeoutException: Message:\n\nvenv\\Lib\\site-packages\\selenium\\webdriver\\support\\wait.py:101: TimeoutException"}, "description": "Verificar que la navegaci√≥n a 'Tu reserva check-in' funciona correctamente en ambas URLs", "steps": [{"name": "Paso 1: Obtener URL inicial - https://nuxqa4.avtest.ink/", "status": "passed", "start": 1761925235649, "stop": 1761925235657}, {"name": "Paso 2: Navegar a Tu reserva check-in", "status": "broken", "statusDetails": {"message": "selenium.common.exceptions.TimeoutException: Message: \n\n", "trace": "  File \"C:\\Users\\DavidGalvezRestrepo\\DATOS\\DAVID\\EXAMEN\\project\\tests\\test_case_6.py\", line 187, in test_navigate_to_my_booking_checkin\n    WebDriverWait(browser, 10).until(\n    ~~~~~~~~~~~~~~~~~~~~~~~~~~~~~~~~^\n        lambda driver: driver.current_url != initial_url\n        ^^^^^^^^^^^^^^^^^^^^^^^^^^^^^^^^^^^^^^^^^^^^^^^^\n    )\n    ^\n  File \"C:\\Users\\DavidGalvezRestrepo\\DATOS\\DAVID\\EXAMEN\\project\\venv\\Lib\\site-packages\\selenium\\webdriver\\support\\wait.py\", line 101, in until\n    raise TimeoutException(message, screen, stacktrace)\n"}, "start": 1761925235657, "stop": 1761925270376}], "attachments": [{"name": "Screenshot Error - https://nuxqa4.avtest.ink/", "source": "f6478c2f-307c-45b7-b206-9d9a960ec93e-attachment.png", "type": "image/png"}, {"name": "log", "source": "0c5b34b1-f7fc-44a9-a8b8-630b00efd52f-attachment.txt", "type": "text/plain"}, {"name": "stdout", "source": "403add9d-694f-43c3-a826-be7aa2a326c2-attachment.txt", "type": "text/plain"}], "parameters": [{"name": "browser", "value": "'chrome'"}, {"name": "setup", "value": "'https://nuxqa4.avtest.ink/'"}], "start": 1761925235649, "stop": 1761925270559, "uuid": "e16427f1-a47b-468b-bd44-100e7bedd210", "historyId": "e8441f6fecc0e7902b681902a12a2743", "testCaseId": "c0b8d5ca872ecbf51b1e9a56ba6a01ea", "fullName": "tests.test_case_6.TestCase6#test_navigate_to_my_booking_checkin", "labels": [{"name": "feature", "value": "Caso 6: Redirecciones Header"}, {"name": "story", "value": "Verificar navegaci√≥n a 3 sitios diferentes del navbar"}, {"name": "severity", "value": "critical"}, {"name": "parentSuite", "value": "tests"}, {"name": "suite", "value": "test_case_6"}, {"name": "subSuite", "value": "TestCase6"}, {"name": "host", "value": "DESKTOP-EOEE1L3"}, {"name": "thread", "value": "20256-MainThread"}, {"name": "framework", "value": "pytest"}, {"name": "language", "value": "cpython3"}, {"name": "package", "value": "tests.test_case_6"}]}