{"name": "Caso 6.3: Navegar a Informaci√≥n y Ayuda - Tipos de Tarifas", "status": "failed", "statusDetails": {"message": "AssertionError: ‚ùå Fall√≥ la navegaci√≥n a Informaci√≥n y ayuda\nassert False", "trace": "self = <test_case_6.TestCase6 object at 0x000001A563A55750>\nsetup = {'base_url': 'https://nuxqa4.avtest.ink/', 'browser': <selenium.webdriver.chrome.webdriver.WebDriver (session=\"a7bce3b...tabaseManager object at 0x000001A563D3D050>, 'home_page': <pages.home_page.HomePage object at 0x000001A563D3CE50>, ...}\n\n    @allure.title(\"Caso 6.3: Navegar a Informaci√≥n y Ayuda - Tipos de Tarifas\")\n    @allure.description(\"Verificar que la navegaci√≥n a 'Informaci√≥n y ayuda' -> Tipos de tarifas funciona correctamente en ambas URLs\")\n    @allure.severity(allure.severity_level.CRITICAL)\n    def test_navigate_to_info_and_help_tariffs(self, setup):\n        \"\"\"Test 6.3: Navegar a la secci√≥n Informaci√≥n y ayuda -> Tipos de tarifas\"\"\"\n        browser = setup['browser']\n        home_page = setup['home_page']\n        db = setup['db']\n        base_url = setup['base_url']\n    \n        logger.info(f\"üöÄ Iniciando Test 6.3: Navegaci√≥n a Informaci√≥n y ayuda - Tipos de tarifas - {base_url}\")\n    \n        try:\n            with allure.step(f\"Paso 1: Obtener URL inicial - {base_url}\"):\n                initial_url = home_page.get_page_url()\n                logger.info(f\"üìÑ URL inicial: {initial_url}\")\n    \n            with allure.step(\"Paso 2: Navegar a Informaci√≥n y ayuda\"):\n                navigation_success = home_page.navigate_to_info_and_help_tariffs()\n>               assert navigation_success, \"‚ùå Fall√≥ la navegaci√≥n a Informaci√≥n y ayuda\"\nE               AssertionError: ‚ùå Fall√≥ la navegaci√≥n a Informaci√≥n y ayuda\nE               assert False\n\ntests\\test_case_6.py:287: AssertionError"}, "description": "Verificar que la navegaci√≥n a 'Informaci√≥n y ayuda' -> Tipos de tarifas funciona correctamente en ambas URLs", "steps": [{"name": "Paso 1: Obtener URL inicial - https://nuxqa4.avtest.ink/", "status": "passed", "start": 1761922233974, "stop": 1761922233981}, {"name": "Paso 2: Navegar a Informaci√≥n y ayuda", "status": "failed", "statusDetails": {"message": "AssertionError: ‚ùå Fall√≥ la navegaci√≥n a Informaci√≥n y ayuda\nassert False\n", "trace": "  File \"C:\\Users\\DavidGalvezRestrepo\\DATOS\\DAVID\\EXAMEN\\project\\tests\\test_case_6.py\", line 287, in test_navigate_to_info_and_help_tariffs\n    assert navigation_success, \"‚ùå Fall√≥ la navegaci√≥n a Informaci√≥n y ayuda\"\n"}, "start": 1761922233981, "stop": 1761922255230}], "attachments": [{"name": "Screenshot Error - https://nuxqa4.avtest.ink/", "source": "2fabb137-e7fb-4bbf-ae9c-4209a863dacf-attachment.png", "type": "image/png"}, {"name": "log", "source": "2f255d9c-b00c-42cd-95ab-0a599992b90b-attachment.txt", "type": "text/plain"}, {"name": "stdout", "source": "ded127fa-2288-420f-8bd1-0a4d0c589d79-attachment.txt", "type": "text/plain"}], "parameters": [{"name": "browser", "value": "'chrome'"}, {"name": "setup", "value": "'https://nuxqa4.avtest.ink/'"}], "start": 1761922233973, "stop": 1761922255396, "uuid": "81dc16d0-8bd7-4058-b675-c0ffd1b278d7", "historyId": "c00b4b00799b08ff7e13e1100e62050a", "testCaseId": "9d2f9050d9e882f73b5c69ec4c3ab710", "fullName": "tests.test_case_6.TestCase6#test_navigate_to_info_and_help_tariffs", "labels": [{"name": "feature", "value": "Caso 6: Redirecciones Header"}, {"name": "story", "value": "Verificar navegaci√≥n a 3 sitios diferentes del navbar"}, {"name": "severity", "value": "critical"}, {"name": "parentSuite", "value": "tests"}, {"name": "suite", "value": "test_case_6"}, {"name": "subSuite", "value": "TestCase6"}, {"name": "host", "value": "DESKTOP-EOEE1L3"}, {"name": "thread", "value": "7532-MainThread"}, {"name": "framework", "value": "pytest"}, {"name": "language", "value": "cpython3"}, {"name": "package", "value": "tests.test_case_6"}]}