{"name": "test_login_successful", "status": "failed", "statusDetails": {"message": "AssertionError: ❌ No se pudo hacer clic en el botón de login\nassert False", "trace": "self = <test_case_3.TestCase3 object at 0x000002AE05816E90>, driver = <selenium.webdriver.chrome.webdriver.WebDriver (session=\"e5d41b678cf3fa2ab6e8e1ea988031dd\")>\n\n    @allure.story(\"Login exitoso con credenciales válidas\")\n    @allure.description(\"Realizar login con usuario 21734198706 y password Lifemiles1\")\n    def test_login_successful(self, driver):\n        \"\"\"Caso 3: Realizar Login en UATI nuxqa.avtest.ink/\"\"\"\n    \n        login_page = LoginPage(driver)\n    \n        with allure.step(\"1. Navegar a la página principal\"):\n            target_url = \"https://nuxqa3.avtest.ink/es/\"\n            driver.get(target_url)\n            time.sleep(3)\n            print(\"✅ Página principal cargada\")\n    \n        with allure.step(\"2. Tomar captura de la página principal\"):\n            allure.attach(\n                driver.get_screenshot_as_png(),\n                name=\"pagina_principal_caso3\",\n                attachment_type=allure.attachment_type.PNG\n            )\n    \n        with allure.step(\"3. Hacer clic en el botón 'Iniciar sesión'\"):\n            success = login_page.click_login_button()\n>           assert success, \"❌ No se pudo hacer clic en el botón de login\"\nE           AssertionError: ❌ No se pudo hacer clic en el botón de login\nE           assert False\n\ntests\\test_case_3.py:32: AssertionError"}, "description": "Realizar login con usuario 21734198706 y password Lifemiles1", "steps": [{"name": "1. Navegar a la página principal", "status": "passed", "start": 1762788517964, "stop": 1762788523736}, {"name": "2. Tomar captura de la página principal", "status": "passed", "attachments": [{"name": "pagina_principal_caso3", "source": "aa92b8b2-179f-48a2-80fc-33113b7ae32c-attachment.png", "type": "image/png"}], "start": 1762788523736, "stop": 1762788523923}, {"name": "3. Hacer clic en el botón 'Iniciar sesión'", "status": "failed", "statusDetails": {"message": "AssertionError: ❌ No se pudo hacer clic en el botón de login\nassert False\n", "trace": "  File \"C:\\Users\\DavidGalvezRestrepo\\DATOS\\DAVID\\EXAMEN\\project\\tests\\test_case_3.py\", line 32, in test_login_successful\n    assert success, \"❌ No se pudo hacer clic en el botón de login\"\n"}, "steps": [{"name": "Hacer clic en botón 'Iniciar sesión'", "status": "passed", "attachments": [{"name": "error_boton_login", "source": "396a8950-602f-4c24-ba4f-9dc8a3904a01-attachment.png", "type": "image/png"}], "start": 1762788523923, "stop": 1762788539912}], "start": 1762788523923, "stop": 1762788539912}], "attachments": [{"name": "Screenshot_test_login_successful", "source": "62821771-d2e6-42b5-b2df-e169abab5b06-attachment.png", "type": "image/png"}, {"name": "log", "source": "dff3c6eb-0239-48ca-9a51-ecff0a28a62c-attachment.txt", "type": "text/plain"}, {"name": "stdout", "source": "676e2757-9fb1-4288-8596-036f78781e27-attachment.txt", "type": "text/plain"}], "start": 1762788517964, "stop": 1762788539931, "uuid": "9ee8cf72-379f-493c-b8d3-717a4322cf6a", "historyId": "9ece7f4a0b64175a7a9d3fd76d268e7a", "testCaseId": "9ece7f4a0b64175a7a9d3fd76d268e7a", "fullName": "tests.test_case_3.TestCase3#test_login_successful", "labels": [{"name": "feature", "value": "Caso 3 - Login en UATI"}, {"name": "story", "value": "Login exitoso con credenciales válidas"}, {"name": "severity", "value": "critical"}, {"name": "parentSuite", "value": "tests"}, {"name": "suite", "value": "test_case_3"}, {"name": "subSuite", "value": "TestCase3"}, {"name": "host", "value": "DESKTOP-EOEE1L3"}, {"name": "thread", "value": "22264-MainThread"}, {"name": "framework", "value": "pytest"}, {"name": "language", "value": "cpython3"}, {"name": "package", "value": "tests.test_case_3"}]}