{"name": "Caso 6.3: Navegar a Informaci√≥n y Ayuda - Tipos de Tarifas", "status": "failed", "statusDetails": {"message": "AssertionError: ‚ùå Fall√≥ la navegaci√≥n a Informaci√≥n y ayuda\nassert False", "trace": "self = <test_case_6.TestCase6 object at 0x0000019523B41850>\nsetup = {'base_url': 'https://nuxqa4.avtest.ink/', 'browser': <selenium.webdriver.chrome.webdriver.WebDriver (session=\"70786b9...tabaseManager object at 0x0000019523DDD050>, 'home_page': <pages.home_page.HomePage object at 0x0000019523B43350>, ...}\n\n    @allure.title(\"Caso 6.3: Navegar a Informaci√≥n y Ayuda - Tipos de Tarifas\")\n    @allure.description(\"Verificar que la navegaci√≥n a 'Informaci√≥n y ayuda' -> Tipos de tarifas funciona correctamente en ambas URLs\")\n    @allure.severity(allure.severity_level.CRITICAL)\n    def test_navigate_to_info_and_help_tariffs(self, setup):\n        \"\"\"Test 6.3: Navegar a la secci√≥n Informaci√≥n y ayuda -> Tipos de tarifas\"\"\"\n        browser = setup['browser']\n        home_page = setup['home_page']\n        db = setup['db']\n        base_url = setup['base_url']\n    \n        logger.info(f\"üöÄ Iniciando Test 6.3: Navegaci√≥n a Informaci√≥n y ayuda - Tipos de tarifas - {base_url}\")\n    \n        try:\n            with allure.step(f\"Paso 1: Obtener URL inicial - {base_url}\"):\n                initial_url = home_page.get_page_url()\n                logger.info(f\"üìÑ URL inicial: {initial_url}\")\n    \n            with allure.step(\"Paso 2: Navegar a Informaci√≥n y ayuda\"):\n                navigation_success = home_page.navigate_to_info_and_help_tariffs()\n>               assert navigation_success, \"‚ùå Fall√≥ la navegaci√≥n a Informaci√≥n y ayuda\"\nE               AssertionError: ‚ùå Fall√≥ la navegaci√≥n a Informaci√≥n y ayuda\nE               assert False\n\ntests\\test_case_6.py:287: AssertionError"}, "description": "Verificar que la navegaci√≥n a 'Informaci√≥n y ayuda' -> Tipos de tarifas funciona correctamente en ambas URLs", "steps": [{"name": "Paso 1: Obtener URL inicial - https://nuxqa4.avtest.ink/", "status": "passed", "start": 1761924664877, "stop": 1761924664886}, {"name": "Paso 2: Navegar a Informaci√≥n y ayuda", "status": "failed", "statusDetails": {"message": "AssertionError: ‚ùå Fall√≥ la navegaci√≥n a Informaci√≥n y ayuda\nassert False\n", "trace": "  File \"C:\\Users\\DavidGalvezRestrepo\\DATOS\\DAVID\\EXAMEN\\project\\tests\\test_case_6.py\", line 287, in test_navigate_to_info_and_help_tariffs\n    assert navigation_success, \"‚ùå Fall√≥ la navegaci√≥n a Informaci√≥n y ayuda\"\n"}, "start": 1761924664886, "stop": 1761924686165}], "attachments": [{"name": "Screenshot Error - https://nuxqa4.avtest.ink/", "source": "d6f0f417-604c-42b9-910b-db6d566bccab-attachment.png", "type": "image/png"}, {"name": "log", "source": "52d74ee9-5fb2-4186-8ef8-f8bbc12f14e5-attachment.txt", "type": "text/plain"}, {"name": "stdout", "source": "e1bcb420-5d21-4e5d-a8a1-ec9a5be09e1e-attachment.txt", "type": "text/plain"}], "parameters": [{"name": "browser", "value": "'chrome'"}, {"name": "setup", "value": "'https://nuxqa4.avtest.ink/'"}], "start": 1761924664877, "stop": 1761924686318, "uuid": "1c72687b-a1cd-4bfe-81d9-5db2bb760184", "historyId": "c00b4b00799b08ff7e13e1100e62050a", "testCaseId": "9d2f9050d9e882f73b5c69ec4c3ab710", "fullName": "tests.test_case_6.TestCase6#test_navigate_to_info_and_help_tariffs", "labels": [{"name": "story", "value": "Verificar navegaci√≥n a 3 sitios diferentes del navbar"}, {"name": "severity", "value": "critical"}, {"name": "feature", "value": "Caso 6: Redirecciones Header"}, {"name": "parentSuite", "value": "tests"}, {"name": "suite", "value": "test_case_6"}, {"name": "subSuite", "value": "TestCase6"}, {"name": "host", "value": "DESKTOP-EOEE1L3"}, {"name": "thread", "value": "9424-MainThread"}, {"name": "framework", "value": "pytest"}, {"name": "language", "value": "cpython3"}, {"name": "package", "value": "tests.test_case_6"}]}