{"name": "test_login_successful", "status": "failed", "statusDetails": {"message": "AssertionError: ❌ No se pudo hacer clic en el botón de login\nassert False", "trace": "self = <test_case_3.TestCase3 object at 0x00000116A3306E90>, driver = <selenium.webdriver.chrome.webdriver.WebDriver (session=\"0b7e7b7cf464355de3b5fd804a18c247\")>\n\n    @allure.story(\"Login exitoso con credenciales válidas\")\n    @allure.description(\"Realizar login con usuario 21734198706 y password Lifemiles1\")\n    def test_login_successful(self, driver):\n        \"\"\"Caso 3: Realizar Login en UATI nuxqa.avtest.ink/\"\"\"\n    \n        login_page = LoginPage(driver)\n    \n        with allure.step(\"1. Navegar a la página principal\"):\n            target_url = \"https://nuxqa3.avtest.ink/es/\"\n            driver.get(target_url)\n            time.sleep(3)\n            print(\"✅ Página principal cargada\")\n    \n        with allure.step(\"2. Tomar captura de la página principal\"):\n            allure.attach(\n                driver.get_screenshot_as_png(),\n                name=\"pagina_principal_caso3\",\n                attachment_type=allure.attachment_type.PNG\n            )\n    \n        with allure.step(\"3. Hacer clic en el botón 'Iniciar sesión'\"):\n            success = login_page.click_login_button()\n>           assert success, \"❌ No se pudo hacer clic en el botón de login\"\nE           AssertionError: ❌ No se pudo hacer clic en el botón de login\nE           assert False\n\ntests\\test_case_3.py:32: AssertionError"}, "description": "Realizar login con usuario 21734198706 y password Lifemiles1", "steps": [{"name": "1. Navegar a la página principal", "status": "passed", "start": 1762788094696, "stop": 1762788101921}, {"name": "2. Tomar captura de la página principal", "status": "passed", "attachments": [{"name": "pagina_principal_caso3", "source": "028edf0f-05bf-4b08-8e89-5da57d3aaf1d-attachment.png", "type": "image/png"}], "start": 1762788101921, "stop": 1762788102089}, {"name": "3. Hacer clic en el botón 'Iniciar sesión'", "status": "failed", "statusDetails": {"message": "AssertionError: ❌ No se pudo hacer clic en el botón de login\nassert False\n", "trace": "  File \"C:\\Users\\DavidGalvezRestrepo\\DATOS\\DAVID\\EXAMEN\\project\\tests\\test_case_3.py\", line 32, in test_login_successful\n    assert success, \"❌ No se pudo hacer clic en el botón de login\"\n"}, "steps": [{"name": "Hacer clic en botón 'Iniciar sesión'", "status": "passed", "attachments": [{"name": "error_boton_login", "source": "75ad5c71-d27b-4936-8704-d3203b6bc38c-attachment.png", "type": "image/png"}], "start": 1762788102089, "stop": 1762788118025}], "start": 1762788102089, "stop": 1762788118025}], "attachments": [{"name": "Screenshot_test_login_successful", "source": "fa18ff25-a032-4376-86ae-a4a4300ca012-attachment.png", "type": "image/png"}, {"name": "log", "source": "e981f50e-9311-47a0-8ec7-c6869f33c553-attachment.txt", "type": "text/plain"}, {"name": "stdout", "source": "c26f4ba5-75d7-44d7-a7ae-b7528cccaf2f-attachment.txt", "type": "text/plain"}], "start": 1762788094695, "stop": 1762788118027, "uuid": "cbb3dd8c-d0ea-4da5-821d-aab7bf9c3c6f", "historyId": "9ece7f4a0b64175a7a9d3fd76d268e7a", "testCaseId": "9ece7f4a0b64175a7a9d3fd76d268e7a", "fullName": "tests.test_case_3.TestCase3#test_login_successful", "labels": [{"name": "feature", "value": "Caso 3 - Login en UATI"}, {"name": "story", "value": "Login exitoso con credenciales válidas"}, {"name": "severity", "value": "critical"}, {"name": "parentSuite", "value": "tests"}, {"name": "suite", "value": "test_case_3"}, {"name": "subSuite", "value": "TestCase3"}, {"name": "host", "value": "DESKTOP-EOEE1L3"}, {"name": "thread", "value": "24216-MainThread"}, {"name": "framework", "value": "pytest"}, {"name": "language", "value": "cpython3"}, {"name": "package", "value": "tests.test_case_3"}]}